app/build/intermediates/manifest_merge_blame_file/debug/manifest-merger-blame-debug-report.txt
1<?xml version="1.0" encoding="utf-8"?>
2<manifest xmlns:android="http://schemas.android.com/apk/res/android"
3    package="com.example.tournamentmanagerapp"
4    android:versionCode="1"
5    android:versionName="1.0" >
6
7    <uses-sdk
8        android:minSdkVersion="30"
8-->src\main\AndroidManifest.xml
9        android:targetSdkVersion="33" />
9-->src\main\AndroidManifest.xml
10
11    <uses-permission android:name="android.permission.READ_EXTERNAL_STORAGE" />
11-->src\main\AndroidManifest.xml:5:5-80
11-->src\main\AndroidManifest.xml:5:22-77
12    <uses-permission android:name="android.permission.ACCESS_MEDIA_LOCATION" />
12-->src\main\AndroidManifest.xml:6:5-80
12-->src\main\AndroidManifest.xml:6:22-77
13
14    <application
14-->src\main\AndroidManifest.xml:8:5-70:19
15        android:name="com.example.tournamentmanagerapp.main.MainApp"
15-->src\main\AndroidManifest.xml:9:9-37
16        android:allowBackup="true"
16-->src\main\AndroidManifest.xml:10:9-35
17        android:appComponentFactory="androidx.core.app.CoreComponentFactory"
17-->[androidx.core:core:1.7.0] AndroidManifest.xml:24:18-86
18        android:dataExtractionRules="@xml/data_extraction_rules"
18-->src\main\AndroidManifest.xml:11:9-65
19        android:debuggable="true"
20        android:extractNativeLibs="false"
21        android:fullBackupContent="@xml/backup_rules"
21-->src\main\AndroidManifest.xml:12:9-54
22        android:icon="@drawable/ic_dashboard_black_24dp"
22-->src\main\AndroidManifest.xml:13:9-57
23        android:label="@string/app_name"
23-->src\main\AndroidManifest.xml:14:9-41
24        android:roundIcon="@drawable/ic_dashboard_black_24dp"
24-->src\main\AndroidManifest.xml:15:9-62
25        android:supportsRtl="true"
25-->src\main\AndroidManifest.xml:16:9-35
26        android:testOnly="true"
27        android:theme="@style/Theme.TournamentManagerApp" >
27-->src\main\AndroidManifest.xml:17:9-58
28        <activity
28-->src\main\AndroidManifest.xml:20:9-31:20
29            android:name="com.example.tournamentmanagerapp.activities.SplashScreenActivity"
29-->src\main\AndroidManifest.xml:21:13-60
30            android:exported="true"
30-->src\main\AndroidManifest.xml:23:13-36
31            android:theme="@style/SplashTheme" >
31-->src\main\AndroidManifest.xml:22:13-47
32            <intent-filter>
32-->src\main\AndroidManifest.xml:24:13-27:29
33                <action android:name="android.intent.action.MAIN" />
33-->src\main\AndroidManifest.xml:25:17-69
33-->src\main\AndroidManifest.xml:25:25-66
34
35                <category android:name="android.intent.category.LAUNCHER" />
35-->src\main\AndroidManifest.xml:26:17-77
35-->src\main\AndroidManifest.xml:26:27-74
36            </intent-filter>
37
38            <meta-data
38-->src\main\AndroidManifest.xml:28:13-30:36
39                android:name="android.app.lib_name"
39-->src\main\AndroidManifest.xml:29:17-52
40                android:value="" />
40-->src\main\AndroidManifest.xml:30:17-33
41        </activity>
42        <activity
42-->src\main\AndroidManifest.xml:33:9-41:20
43            android:name="com.example.tournamentmanagerapp.activities.TournamentListActivity"
43-->src\main\AndroidManifest.xml:34:13-62
44            android:exported="true"
44-->src\main\AndroidManifest.xml:36:13-36
45            android:label="@string/tournaments" >
45-->src\main\AndroidManifest.xml:35:13-48
46            <meta-data
46-->src\main\AndroidManifest.xml:28:13-30:36
47                android:name="android.app.lib_name"
47-->src\main\AndroidManifest.xml:29:17-52
48                android:value="" />
48-->src\main\AndroidManifest.xml:30:17-33
49        </activity>
50        <activity
50-->src\main\AndroidManifest.xml:43:9-50:20
51            android:name="com.example.tournamentmanagerapp.activities.TournamentActivity"
51-->src\main\AndroidManifest.xml:44:13-58
52            android:exported="true"
52-->src\main\AndroidManifest.xml:46:13-36
53            android:label="@string/add_tour_name" >
53-->src\main\AndroidManifest.xml:45:13-50
54            <meta-data
54-->src\main\AndroidManifest.xml:28:13-30:36
55                android:name="android.app.lib_name"
55-->src\main\AndroidManifest.xml:29:17-52
56                android:value="" />
56-->src\main\AndroidManifest.xml:30:17-33
57        </activity>
58        <activity
58-->src\main\AndroidManifest.xml:52:9-59:20
59            android:name="com.example.tournamentmanagerapp.activities.TeamListActivity"
59-->src\main\AndroidManifest.xml:53:13-56
60            android:exported="true"
60-->src\main\AndroidManifest.xml:55:13-36
61            android:label="@string/teams" >
61-->src\main\AndroidManifest.xml:54:13-42
62            <meta-data
62-->src\main\AndroidManifest.xml:28:13-30:36
63                android:name="android.app.lib_name"
63-->src\main\AndroidManifest.xml:29:17-52
64                android:value="" />
64-->src\main\AndroidManifest.xml:30:17-33
65        </activity>
66        <activity
66-->src\main\AndroidManifest.xml:61:9-68:20
67            android:name="com.example.tournamentmanagerapp.activities.TeamActivity"
67-->src\main\AndroidManifest.xml:62:13-52
68            android:exported="true"
68-->src\main\AndroidManifest.xml:64:13-36
69            android:label="@string/add_team_name" >
69-->src\main\AndroidManifest.xml:63:13-50
70            <meta-data
70-->src\main\AndroidManifest.xml:28:13-30:36
71                android:name="android.app.lib_name"
71-->src\main\AndroidManifest.xml:29:17-52
72                android:value="" />
72-->src\main\AndroidManifest.xml:30:17-33
73        </activity>
74
75        <uses-library
75-->[androidx.window:window:1.0.0] AndroidManifest.xml:25:9-27:40
76            android:name="androidx.window.extensions"
76-->[androidx.window:window:1.0.0] AndroidManifest.xml:26:13-54
77            android:required="false" />
77-->[androidx.window:window:1.0.0] AndroidManifest.xml:27:13-37
78        <uses-library
78-->[androidx.window:window:1.0.0] AndroidManifest.xml:28:9-30:40
79            android:name="androidx.window.sidecar"
79-->[androidx.window:window:1.0.0] AndroidManifest.xml:29:13-51
80            android:required="false" />
80-->[androidx.window:window:1.0.0] AndroidManifest.xml:30:13-37
81
82        <provider
82-->[com.squareup.picasso:picasso:2.71828] AndroidManifest.xml:8:9-11:40
83            android:name="com.squareup.picasso.PicassoProvider"
83-->[com.squareup.picasso:picasso:2.71828] AndroidManifest.xml:9:13-64
84            android:authorities="com.example.tournamentmanagerapp.com.squareup.picasso"
84-->[com.squareup.picasso:picasso:2.71828] AndroidManifest.xml:10:13-72
85            android:exported="false" />
85-->[com.squareup.picasso:picasso:2.71828] AndroidManifest.xml:11:13-37
86        <provider
86-->[androidx.emoji2:emoji2:1.0.0] AndroidManifest.xml:26:9-34:20
87            android:name="androidx.startup.InitializationProvider"
87-->[androidx.emoji2:emoji2:1.0.0] AndroidManifest.xml:27:13-67
88            android:authorities="com.example.tournamentmanagerapp.androidx-startup"
88-->[androidx.emoji2:emoji2:1.0.0] AndroidManifest.xml:28:13-68
89            android:exported="false" >
89-->[androidx.emoji2:emoji2:1.0.0] AndroidManifest.xml:29:13-37
90            <meta-data
90-->[androidx.emoji2:emoji2:1.0.0] AndroidManifest.xml:31:13-33:52
91                android:name="androidx.emoji2.text.EmojiCompatInitializer"
91-->[androidx.emoji2:emoji2:1.0.0] AndroidManifest.xml:32:17-75
92                android:value="androidx.startup" />
92-->[androidx.emoji2:emoji2:1.0.0] AndroidManifest.xml:33:17-49
93            <meta-data
93-->[androidx.lifecycle:lifecycle-process:2.4.0] AndroidManifest.xml:31:13-33:52
94                android:name="androidx.lifecycle.ProcessLifecycleInitializer"
94-->[androidx.lifecycle:lifecycle-process:2.4.0] AndroidManifest.xml:32:17-78
95                android:value="androidx.startup" />
95-->[androidx.lifecycle:lifecycle-process:2.4.0] AndroidManifest.xml:33:17-49
96        </provider>
97    </application>
98
99</manifest>